Determining if the function sgemm_ exists failed with the following output:
Change Dir: /home/anreydron/CLionProjects/diplom_na_sda4u/cmake-build-debug/CMakeFiles/CMakeTmp

Run Build Command(s):/home/anreydron/clion-2021.3.3/bin/ninja/linux/ninja cmTC_169ef && [1/2] Building C object CMakeFiles/cmTC_169ef.dir/CheckFunctionExists.c.o
[2/2] Linking C executable cmTC_169ef
FAILED: cmTC_169ef 
: && /usr/bin/cc -DCHECK_FUNCTION_EXISTS=sgemm_  CMakeFiles/cmTC_169ef.dir/CheckFunctionExists.c.o -o cmTC_169ef   && :
CMakeFiles/cmTC_169ef.dir/CheckFunctionExists.c.o: In function `main':
CheckFunctionExists.c:(.text+0x10): undefined reference to `sgemm_'
collect2: error: ld returned 1 exit status
ninja: build stopped: subcommand failed.



Performing C SOURCE FILE Test CMAKE_HAVE_LIBC_PTHREAD failed with the following output:
Change Dir: /home/anreydron/CLionProjects/diplom_na_sda4u/cmake-build-debug/CMakeFiles/CMakeTmp

Run Build Command(s):/home/anreydron/clion-2021.3.3/bin/ninja/linux/ninja cmTC_18d1f && [1/2] Building C object CMakeFiles/cmTC_18d1f.dir/src.c.o
[2/2] Linking C executable cmTC_18d1f
FAILED: cmTC_18d1f 
: && /usr/bin/cc   CMakeFiles/cmTC_18d1f.dir/src.c.o -o cmTC_18d1f   && :
CMakeFiles/cmTC_18d1f.dir/src.c.o: In function `main':
src.c:(.text+0x3e): undefined reference to `pthread_create'
src.c:(.text+0x4a): undefined reference to `pthread_detach'
src.c:(.text+0x56): undefined reference to `pthread_cancel'
src.c:(.text+0x67): undefined reference to `pthread_join'
src.c:(.text+0x7b): undefined reference to `pthread_atfork'
collect2: error: ld returned 1 exit status
ninja: build stopped: subcommand failed.


Source file was:
#include <pthread.h>

static void* test_func(void* data)
{
  return data;
}

int main(void)
{
  pthread_t thread;
  pthread_create(&thread, NULL, test_func, NULL);
  pthread_detach(thread);
  pthread_cancel(thread);
  pthread_join(thread, NULL);
  pthread_atfork(NULL, NULL, NULL);
  pthread_exit(NULL);

  return 0;
}

Determining if the function pthread_create exists in the pthreads failed with the following output:
Change Dir: /home/anreydron/CLionProjects/diplom_na_sda4u/cmake-build-debug/CMakeFiles/CMakeTmp

Run Build Command(s):/home/anreydron/clion-2021.3.3/bin/ninja/linux/ninja cmTC_17dd3 && [1/2] Building C object CMakeFiles/cmTC_17dd3.dir/CheckFunctionExists.c.o
[2/2] Linking C executable cmTC_17dd3
FAILED: cmTC_17dd3 
: && /usr/bin/cc -DCHECK_FUNCTION_EXISTS=pthread_create  CMakeFiles/cmTC_17dd3.dir/CheckFunctionExists.c.o -o cmTC_17dd3  -lpthreads && :
/usr/bin/ld: cannot find -lpthreads
collect2: error: ld returned 1 exit status
ninja: build stopped: subcommand failed.



Determining if the function cheev_ exists failed with the following output:
Change Dir: /home/anreydron/CLionProjects/diplom_na_sda4u/cmake-build-debug/CMakeFiles/CMakeTmp

Run Build Command(s):/home/anreydron/clion-2021.3.3/bin/ninja/linux/ninja cmTC_472be && [1/2] Building C object CMakeFiles/cmTC_472be.dir/CheckFunctionExists.c.o
[2/2] Linking C executable cmTC_472be
FAILED: cmTC_472be 
: && /usr/bin/cc -DCHECK_FUNCTION_EXISTS=cheev_  CMakeFiles/cmTC_472be.dir/CheckFunctionExists.c.o -o cmTC_472be  /usr/lib/x86_64-linux-gnu/libblas.so  /usr/lib/x86_64-linux-gnu/libf77blas.so  /usr/lib/x86_64-linux-gnu/libatlas.so  -lpthread  -lm  -ldl && :
CMakeFiles/cmTC_472be.dir/CheckFunctionExists.c.o: In function `main':
CheckFunctionExists.c:(.text+0x10): undefined reference to `cheev_'
collect2: error: ld returned 1 exit status
ninja: build stopped: subcommand failed.



Determining if the function cheev_ exists failed with the following output:
Change Dir: /home/anreydron/CLionProjects/diplom_na_sda4u/cmake-build-debug/CMakeFiles/CMakeTmp

Run Build Command(s):/home/anreydron/clion-2021.3.3/bin/ninja/linux/ninja cmTC_49928 && [1/2] Building C object CMakeFiles/cmTC_49928.dir/CheckFunctionExists.c.o
[2/2] Linking C executable cmTC_49928
FAILED: cmTC_49928 
: && /usr/bin/cc -DCHECK_FUNCTION_EXISTS=cheev_  CMakeFiles/cmTC_49928.dir/CheckFunctionExists.c.o -o cmTC_49928  -SSL2  /usr/lib/x86_64-linux-gnu/libblas.so  /usr/lib/x86_64-linux-gnu/libf77blas.so  /usr/lib/x86_64-linux-gnu/libatlas.so && :
cc: error: unrecognized command-line option ‘-SSL2’
ninja: build stopped: subcommand failed.



Determining if the function cheev_ exists failed with the following output:
Change Dir: /home/anreydron/CLionProjects/diplom_na_sda4u/cmake-build-debug/CMakeFiles/CMakeTmp

Run Build Command(s):/home/anreydron/clion-2021.3.3/bin/ninja/linux/ninja cmTC_c8099 && [1/2] Building C object CMakeFiles/cmTC_c8099.dir/CheckFunctionExists.c.o
[2/2] Linking C executable cmTC_c8099
FAILED: cmTC_c8099 
: && /usr/bin/cc -DCHECK_FUNCTION_EXISTS=cheev_  CMakeFiles/cmTC_c8099.dir/CheckFunctionExists.c.o -o cmTC_c8099  /usr/lib/x86_64-linux-gnu/liblapack.so  /usr/lib/x86_64-linux-gnu/libblas.so  /usr/lib/x86_64-linux-gnu/libf77blas.so  /usr/lib/x86_64-linux-gnu/libatlas.so  -fortranlibs && :
cc: error: unrecognized command-line option ‘-fortranlibs’
ninja: build stopped: subcommand failed.



